<?xml version="1.0" encoding="UTF-8"?>
<testng-results ignored="0" total="1" passed="1" failed="0" skipped="0">
  <reporter-output>
  </reporter-output>
  <suite started-at="2021-09-07T18:14:02 IST" name="Default suite" finished-at="2021-09-07T18:14:19 IST" duration-ms="17445">
    <groups>
    </groups>
    <test started-at="2021-09-07T18:14:02 IST" name="Default test" finished-at="2021-09-07T18:14:19 IST" duration-ms="17445">
      <class name="com.testing.cpsat.mock.DummyTestng">
        <test-method is-config="true" signature="setUp()[pri:0, instance:com.testing.cpsat.mock.DummyTestng@2accdbb5]" started-at="2021-09-07T18:14:02 IST" name="setUp" finished-at="2021-09-07T18:14:05 IST" duration-ms="3092" status="PASS">
          <reporter-output>
          </reporter-output>
        </test-method> <!-- setUp -->
        <test-method signature="test()[pri:0, instance:com.testing.cpsat.mock.DummyTestng@2accdbb5]" started-at="2021-09-07T18:14:05 IST" name="test" finished-at="2021-09-07T18:14:19 IST" duration-ms="13631" status="PASS">
          <reporter-output>
          </reporter-output>
        </test-method> <!-- test -->
        <test-method is-config="true" signature="tearDown()[pri:0, instance:com.testing.cpsat.mock.DummyTestng@2accdbb5]" started-at="2021-09-07T18:14:19 IST" name="tearDown" finished-at="2021-09-07T18:14:19 IST" duration-ms="687" status="PASS">
          <reporter-output>
          </reporter-output>
        </test-method> <!-- tearDown -->
      </class> <!-- com.testing.cpsat.mock.DummyTestng -->
    </test> <!-- Default test -->
  </suite> <!-- Default suite -->
</testng-results>
